<?xml version="1.0" encoding="UTF-8"?>
<!-- Generated by org.testng.reporters.JUnitXMLReporter -->
<testsuite ignored="2" hostname="DESKTOP-6LGQ6RF" failures="0" tests="2" name="Test" time="0.968" errors="0" timestamp="2023-09-19T00:26:29 IST">
  <testcase classname="com.hrm.tests.BaseTest" name="@BeforeMethod beforeMethod" time="0.887">
    <failure type="java.lang.IllegalArgumentException" message="ScreenCapture&amp;apos;s base64 string must not be null or empty">
      <![CDATA[java.lang.IllegalArgumentException: ScreenCapture's base64 string must not be null or empty
at com.aventstack.extentreports.util.Assert.notEmpty(Assert.java:12)
at com.aventstack.extentreports.MediaEntityBuilder.createScreenCaptureFromBase64String(MediaEntityBuilder.java:44)
at com.aventstack.extentreports.MediaEntityBuilder.createScreenCaptureFromBase64String(MediaEntityBuilder.java:52)
at com.hrm.reporting.Reporter.info(Reporter.java:92)
at com.hrm.tests.BaseTest.beforeMethod(BaseTest.java:40)
at java.base/java.util.concurrent.ThreadPoolExecutor.runWorker(ThreadPoolExecutor.java:1136)
at java.base/java.util.concurrent.ThreadPoolExecutor$Worker.run(ThreadPoolExecutor.java:635)
at java.base/java.lang.Thread.run(Thread.java:833)
... Removed 16 stack frames]]>
    </failure>
  </testcase> <!-- @BeforeMethod beforeMethod -->
  <testcase classname="com.hrm.tests.BaseTest" name="@BeforeMethod beforeMethod" time="0.887">
    <failure type="java.lang.IllegalArgumentException" message="ScreenCapture&amp;apos;s base64 string must not be null or empty">
      <![CDATA[java.lang.IllegalArgumentException: ScreenCapture's base64 string must not be null or empty
at com.aventstack.extentreports.util.Assert.notEmpty(Assert.java:12)
at com.aventstack.extentreports.MediaEntityBuilder.createScreenCaptureFromBase64String(MediaEntityBuilder.java:44)
at com.aventstack.extentreports.MediaEntityBuilder.createScreenCaptureFromBase64String(MediaEntityBuilder.java:52)
at com.hrm.reporting.Reporter.info(Reporter.java:92)
at com.hrm.tests.BaseTest.beforeMethod(BaseTest.java:40)
at java.base/java.util.concurrent.ThreadPoolExecutor.runWorker(ThreadPoolExecutor.java:1136)
at java.base/java.util.concurrent.ThreadPoolExecutor$Worker.run(ThreadPoolExecutor.java:635)
at java.base/java.lang.Thread.run(Thread.java:833)
... Removed 16 stack frames]]>
    </failure>
  </testcase> <!-- @BeforeMethod beforeMethod -->
  <testcase classname="com.hrm.tests.BaseTest" name="@AfterMethod afterMethod" time="-1.695063388953E9">
    <skipped/>
  </testcase> <!-- @AfterMethod afterMethod -->
  <testcase classname="com.hrm.tests.BaseTest" name="@AfterMethod afterMethod" time="-1.695063388964E9">
    <skipped/>
  </testcase> <!-- @AfterMethod afterMethod -->
  <testcase classname="com.hrm.tests.OrangeHRMAdminTests" name="loginTest" time="0.0">
    <skipped/>
  </testcase> <!-- loginTest -->
  <testcase classname="com.hrm.tests.DashboardTests" name="verifyAllWidgetsOnDashboardScreen" time="0.0">
    <skipped/>
  </testcase> <!-- verifyAllWidgetsOnDashboardScreen -->
  <testcase classname="com.hrm.tests.BaseTest" name="@BeforeSuite beforeSuite" time="0.0">
    <ignored/>
  </testcase> <!-- @BeforeSuite beforeSuite -->
  <testcase classname="com.hrm.tests.BaseTest" name="@AfterSuite afterSuite" time="0.0">
    <ignored/>
  </testcase> <!-- @AfterSuite afterSuite -->
</testsuite> <!-- Test -->
